TN:
SF:index.js
FNF:0
FNH:0
DA:1,1
DA:2,1
DA:3,1
DA:4,1
DA:5,1
DA:6,1
DA:7,1
DA:9,1
DA:10,1
DA:12,1
DA:19,1
DA:21,1
DA:22,1
DA:23,1
DA:24,1
DA:25,1
DA:28,1
DA:29,1
LF:18
LH:18
BRF:0
BRH:0
end_of_record
TN:
SF:Routes/AssessmentRoutes.js
FNF:0
FNH:0
DA:1,1
DA:2,1
DA:12,1
DA:15,1
DA:17,1
DA:19,1
DA:21,1
DA:23,1
DA:25,1
DA:27,1
DA:30,1
LF:11
LH:11
BRF:0
BRH:0
end_of_record
TN:
SF:Routes/QuestionRoute.js
FNF:0
FNH:0
DA:1,1
DA:2,1
DA:3,1
DA:6,1
DA:8,1
DA:10,1
DA:12,1
DA:14,1
DA:17,1
LF:9
LH:9
BRF:0
BRH:0
end_of_record
TN:
SF:Routes/TestRoutes.js
FNF:0
FNH:0
DA:1,1
DA:2,1
DA:3,1
DA:5,1
DA:6,1
DA:8,1
LF:6
LH:6
BRF:0
BRH:0
end_of_record
TN:
SF:Routes/candidateRoutes.js
FNF:0
FNH:0
DA:1,1
DA:2,1
DA:4,1
DA:5,1
DA:7,1
DA:8,1
DA:9,1
DA:11,1
LF:8
LH:8
BRF:0
BRH:0
end_of_record
TN:
SF:Routes/users.js
FNF:0
FNH:0
DA:1,1
DA:2,1
DA:3,1
DA:4,1
DA:6,1
DA:8,1
DA:10,1
DA:12,1
LF:8
LH:8
BRF:0
BRH:0
end_of_record
TN:
SF:controllers/AssessmentsController.js
FN:3,(anonymous_0)
FN:35,(anonymous_1)
FN:53,(anonymous_2)
FN:67,(anonymous_3)
FN:85,(anonymous_4)
FN:109,(anonymous_5)
FN:122,(anonymous_6)
FNF:7
FNH:7
FNDA:2,(anonymous_0)
FNDA:2,(anonymous_1)
FNDA:3,(anonymous_2)
FNDA:3,(anonymous_3)
FNDA:3,(anonymous_4)
FNDA:2,(anonymous_5)
FNDA:2,(anonymous_6)
DA:1,1
DA:3,1
DA:4,2
DA:14,2
DA:16,2
DA:28,1
DA:31,1
DA:35,1
DA:36,2
DA:37,2
DA:40,2
DA:46,1
DA:49,1
DA:53,1
DA:54,3
DA:55,3
DA:56,3
DA:57,2
DA:58,1
DA:60,1
DA:63,1
DA:67,1
DA:68,3
DA:69,3
DA:70,3
DA:75,2
DA:76,1
DA:78,1
DA:81,1
DA:85,1
DA:86,3
DA:87,3
DA:88,3
DA:89,0
DA:92,3
DA:98,2
DA:99,1
DA:102,1
DA:105,1
DA:109,1
DA:110,2
DA:112,2
DA:114,2
DA:115,1
DA:118,1
DA:122,1
DA:123,2
DA:124,2
DA:125,2
DA:126,1
DA:129,1
DA:133,1
LF:52
LH:51
BRDA:57,0,0,1
BRDA:57,0,1,1
BRDA:75,1,0,1
BRDA:75,1,1,1
BRDA:88,2,0,0
BRDA:88,2,1,3
BRDA:98,3,0,1
BRDA:98,3,1,1
BRF:8
BRH:7
end_of_record
TN:
SF:controllers/CandidatesController.js
FN:4,(anonymous_0)
FN:13,(anonymous_1)
FN:26,(anonymous_2)
FN:27,(anonymous_3)
FNF:4
FNH:1
FNDA:2,(anonymous_0)
FNDA:0,(anonymous_1)
FNDA:0,(anonymous_2)
FNDA:0,(anonymous_3)
DA:1,1
DA:2,1
DA:4,1
DA:5,2
DA:6,2
DA:9,0
DA:13,1
DA:14,0
DA:15,0
DA:16,0
DA:17,0
DA:19,0
DA:20,0
DA:21,0
DA:22,0
DA:24,0
DA:26,0
DA:27,0
DA:28,0
DA:29,0
DA:31,0
DA:37,0
DA:38,0
DA:39,0
DA:44,0
DA:49,1
LF:26
LH:7
BRDA:16,0,0,0
BRDA:16,0,1,0
BRDA:28,1,0,0
BRDA:28,1,1,0
BRF:4
BRH:0
end_of_record
TN:
SF:controllers/QuestionsController.js
FN:4,(anonymous_0)
FN:22,(anonymous_1)
FN:37,(anonymous_2)
FN:47,(anonymous_3)
FN:60,(anonymous_4)
FNF:5
FNH:5
FNDA:2,(anonymous_0)
FNDA:3,(anonymous_1)
FNDA:2,(anonymous_2)
FNDA:2,(anonymous_3)
FNDA:3,(anonymous_4)
DA:1,1
DA:2,1
DA:4,1
DA:5,2
DA:6,2
DA:8,2
DA:16,1
DA:18,1
DA:22,1
DA:23,3
DA:24,3
DA:25,3
DA:26,2
DA:27,1
DA:29,1
DA:30,1
DA:33,1
DA:37,1
DA:38,2
DA:39,2
DA:40,1
DA:42,1
DA:47,1
DA:48,2
DA:49,2
DA:50,2
DA:51,1
DA:54,1
DA:56,1
DA:60,1
DA:61,3
DA:62,3
DA:63,3
DA:64,2
DA:65,1
DA:67,1
DA:68,1
DA:69,1
DA:70,0
DA:72,1
DA:74,0
DA:75,0
DA:76,0
DA:78,1
DA:84,1
LF:45
LH:41
BRDA:25,0,0,2
BRDA:25,0,1,1
BRDA:64,1,0,1
BRDA:64,1,1,1
BRDA:69,2,0,0
BRDA:69,2,1,1
BRF:6
BRH:5
end_of_record
TN:
SF:controllers/TestController.js
FN:5,(anonymous_0)
FN:30,(anonymous_1)
FNF:2
FNH:0
FNDA:0,(anonymous_0)
FNDA:0,(anonymous_1)
DA:1,1
DA:2,1
DA:3,1
DA:5,1
DA:6,0
DA:7,0
DA:14,0
DA:24,0
DA:26,0
DA:30,1
DA:31,0
DA:32,0
DA:33,0
DA:37,0
DA:38,0
DA:40,0
DA:44,0
DA:47,0
DA:50,0
DA:51,0
DA:55,1
LF:21
LH:6
BRDA:37,0,0,0
BRDA:37,0,1,0
BRF:2
BRH:0
end_of_record
TN:
SF:controllers/UserController.js
FN:7,(anonymous_0)
FN:18,(anonymous_1)
FN:29,(anonymous_2)
FN:41,(anonymous_3)
FN:56,(anonymous_4)
FNF:5
FNH:3
FNDA:1,(anonymous_0)
FNDA:0,(anonymous_1)
FNDA:3,(anonymous_2)
FNDA:0,(anonymous_3)
FNDA:1,(anonymous_4)
DA:1,1
DA:2,1
DA:3,1
DA:4,1
DA:5,1
DA:7,1
DA:8,1
DA:9,1
DA:10,1
DA:18,1
DA:19,0
DA:20,0
DA:29,1
DA:30,3
DA:31,3
DA:32,3
DA:33,3
DA:34,3
DA:35,3
DA:36,3
DA:37,3
DA:42,0
DA:43,0
DA:49,0
DA:52,0
DA:56,1
DA:57,1
DA:60,1
LF:28
LH:22
BRDA:19,0,0,0
BRDA:19,0,1,0
BRDA:33,1,0,3
BRDA:33,1,1,0
BRDA:35,2,0,3
BRDA:35,2,1,0
BRDA:42,3,0,0
BRDA:42,3,1,0
BRF:8
BRH:2
end_of_record
TN:
SF:controllers/invitemail.js
FN:15,sendMail
FN:28,(anonymous_1)
FNF:2
FNH:0
FNDA:0,sendMail
FNDA:0,(anonymous_1)
DA:1,1
DA:2,1
DA:3,1
DA:5,1
DA:16,0
DA:17,0
DA:25,0
DA:28,1
DA:29,0
DA:31,0
DA:32,0
DA:36,0
DA:37,0
DA:39,0
DA:47,0
DA:55,0
DA:60,0
DA:63,1
LF:18
LH:6
BRDA:36,0,0,0
BRDA:36,0,1,0
BRF:2
BRH:0
end_of_record
TN:
SF:models/Assessment.js
FNF:0
FNH:0
DA:1,1
DA:4,1
DA:16,1
DA:18,1
LF:4
LH:4
BRF:0
BRH:0
end_of_record
TN:
SF:models/CandidateResponses.js
FNF:0
FNH:0
DA:1,1
DA:3,1
DA:9,1
DA:17,1
DA:19,1
LF:5
LH:5
BRF:0
BRH:0
end_of_record
TN:
SF:models/Question.js
FNF:0
FNH:0
DA:1,1
DA:3,1
DA:8,1
DA:18,1
DA:20,1
LF:5
LH:5
BRF:0
BRH:0
end_of_record
TN:
SF:models/User.js
FNF:0
FNH:0
DA:1,1
DA:3,1
DA:12,1
DA:14,1
LF:4
LH:4
BRF:0
BRH:0
end_of_record
